  Azure Sphere Utility version 19.5.4.53731
  Copyright (C) Microsoft Corporation. All rights reserved.
   
  Start time (UTC): Thursday, 15 August 2019 21:15:00 
  verbose: Creating image package. 
  verbose: Azure Sphere application image package written. 
  verbose: Appending metadata. 
  verbose: Wrote metadata:
    Section: Identity
      Image Type:           Application
      Component ID:         99f54421-c65f-4d5f-a93a-7f4ab3701055
      Image ID:             5af27da4-58f3-485a-820c-b10847a02f9c
    Section: Signature
      Signing Type:         ECDsa256
      Cert:                 a8d5cc6958f48710140d7a26160fc1cfc31f5df0
    Section: Debug
      Image Name:           WifiSetupAndDeviceControlViaBle
      Built On (UTC):       8/15/2019 9:15:00 PM
      Built On (Local):     8/15/2019 5:15:00 PM
    Section: Temporary Image
      Remove image at boot: False
      Under development:    True
    Section: ABI Depends
      Depends on:           ApplicationRuntime, version 2
   
  verbose: Packaging completed successfully. 
  verbose: Output file is at: C:\Users\jflynn129_w10\source\repos\azure-sphere-samples\Samples\WifiSetupAndDeviceControlViaBle\AzureSphere_HighLevelApp\WifiSetupAndDeviceControlViaBle\bin\ARM\Debug\WifiSetupAndDeviceControlViaBle.imagepackage 
  Command completed successfully in 00:00:00.5250888. 
